  eval_rbot.cpp
E:\ZJR\summer\MultiObj\ECCV\utils.h(31,17): warning C4305: “+=”: 从“double”到“float”截断
E:\ZJR\summer\MultiObj\ECCV\utils.h(36,52): warning C4244: “参数”: 从“double”转换到“_Tp”，可能丢失数据
          with
          [
              _Tp=float
          ]
E:\ZJR\summer\MultiObj\ECCV\utils.h(36,39): warning C4244: “参数”: 从“double”转换到“_Tp”，可能丢失数据
          with
          [
              _Tp=float
          ]
E:\ZJR\summer\MultiObj\ECCV\utils.h(36,22): warning C4244: “参数”: 从“double”转换到“_Tp”，可能丢失数据
          with
          [
              _Tp=float
          ]
E:\ZJR\summer\MultiObj\ECCV\evaluator.h(117,37): warning C4244: “return”: 从“double”转换到“float”，可能丢失数据
E:\ZJR\summer\MultiObj\ECCV\evaluator.h(121,12): warning C4244: “初始化”: 从“double”转换到“float”，可能丢失数据
E:\ZJR\summer\MultiObj\ECCV\evaluator.h(155,19): warning C4305: “=”: 从“double”到“_Tp”截断
          with
          [
              _Tp=float
          ]
E:\ZJR\summer\MultiObj\ECCV\evaluator.h(156,19): warning C4305: “=”: 从“double”到“_Tp”截断
          with
          [
              _Tp=float
          ]
E:\ZJR\summer\MultiObj\ECCV\evaluator.h(157,19): warning C4305: “=”: 从“double”到“_Tp”截断
          with
          [
              _Tp=float
          ]
E:\ZJR\summer\MultiObj\ECCV\evaluator.h(158,19): warning C4305: “=”: 从“double”到“_Tp”截断
          with
          [
              _Tp=float
          ]
E:\ZJR\summer\MultiObj\ECCV\tracker_v1_eccv_final.h(125,64): warning C4244: “参数”: 从“_Tp”转换到“_Tp”，可能丢失数据
          with
          [
              _Tp=int
          ]
          and
          [
              _Tp=float
          ]
E:\ZJR\summer\MultiObj\ECCV\tracker_v1_eccv_final.h(125,53): warning C4244: “参数”: 从“_Tp”转换到“_Tp”，可能丢失数据
          with
          [
              _Tp=int
          ]
          and
          [
              _Tp=float
          ]
E:\ZJR\summer\MultiObj\ECCV\tracker_v1_eccv_final.h(127,41): warning C4244: “=”: 从“double”转换到“float”，可能丢失数据
E:\ZJR\summer\MultiObj\ECCV\tracker_v1_eccv_final.h(236,41): warning C4244: “=”: 从“double”转换到“float”，可能丢失数据
E:\ZJR\summer\MultiObj\ECCV\tracker_v1_eccv_final.h(330,53): warning C4244: “参数”: 从“double”转换到“_Tp”，可能丢失数据
          with
          [
              _Tp=float
          ]
E:\ZJR\summer\MultiObj\ECCV\tracker_v1_eccv_final.h(330,40): warning C4244: “参数”: 从“double”转换到“_Tp”，可能丢失数据
          with
          [
              _Tp=float
          ]
E:\ZJR\summer\MultiObj\ECCV\tracker_v1_eccv_final.h(330,23): warning C4244: “参数”: 从“double”转换到“_Tp”，可能丢失数据
          with
          [
              _Tp=float
          ]
E:\ZJR\summer\MultiObj\ECCV\tracker_v1_eccv_final.h(647,12): warning C4244: “参数”: 从“_Tp”转换到“_Tp”，可能丢失数据
          with
          [
              _Tp=int
          ]
          and
          [
              _Tp=float
          ]
E:\ZJR\summer\MultiObj\ECCV\tracker_v1_eccv_final.h(646,23): warning C4244: “参数”: 从“_Tp”转换到“_Tp”，可能丢失数据
          with
          [
              _Tp=int
          ]
          and
          [
              _Tp=float
          ]
E:\ZJR\summer\MultiObj\ECCV\tracker_v1_eccv_final.h(653,37): warning C4244: “参数”: 从“double”转换到“_Tp”，可能丢失数据
          with
          [
              _Tp=float
          ]
E:\ZJR\summer\MultiObj\ECCV\tracker_v1_eccv_final.h(653,25): warning C4244: “参数”: 从“double”转换到“_Tp”，可能丢失数据
          with
          [
              _Tp=float
          ]
E:\ZJR\summer\MultiObj\ECCV\tracker_v1_eccv_final.h(698,17): warning C4244: “初始化”: 从“double”转换到“float”，可能丢失数据
E:\ZJR\summer\MultiObj\ECCV\tracker_v1_eccv_final.h(1281,1): warning C4305: “参数”: 从“double”到“float”截断
E:\ZJR\summer\MultiObj\ECCV\tracker_v1_eccv_final.h(1314,1): warning C4305: “参数”: 从“double”到“float”截断
E:\ZJR\summer\MultiObj\ECCV\tracker_v1_eccv_final.h(1638,77): warning C4244: “参数”: 从“double”转换到“float”，可能丢失数据
E:\ZJR\summer\MultiObj\ECCV\tracker_v1_eccv_final.h(1896,1): warning C4305: “参数”: 从“double”到“float”截断
E:\ZJR\summer\MultiObj\ECCV\tracker_v1_eccv_final.h(1936,1): warning C4305: “初始化”: 从“double”到“float”截断
E:\ZJR\summer\MultiObj\ECCV\eval_rbot.cpp(42,1): warning C4305: “参数”: 从“double”到“float”截断
E:\ZJR\summer\MultiObj\ECCV\eval_rbot.cpp(477,20): warning C4305: “=”: 从“double”到“_Tp”截断
          with
          [
              _Tp=float
          ]
E:\ZJR\summer\MultiObj\ECCV\eval_rbot.cpp(478,20): warning C4305: “=”: 从“double”到“_Tp”截断
          with
          [
              _Tp=float
          ]
E:\ZJR\summer\MultiObj\ECCV\eval_rbot.cpp(479,20): warning C4305: “=”: 从“double”到“_Tp”截断
          with
          [
              _Tp=float
          ]
E:\ZJR\summer\MultiObj\ECCV\eval_rbot.cpp(480,20): warning C4305: “=”: 从“double”到“_Tp”截断
          with
          [
              _Tp=float
          ]
E:\ZJR\summer\MultiObj\ECCV\tracker_v1_eccv_final.h(31,1): warning C4305: “初始化”: 从“int”到“_Tp”截断
          with
          [
              _Tp=float
          ]
E:\ZJR\summer\MultiObj\ECCV\tracker_v1_eccv_final.h(52): message : 查看对正在编译的函数 模板 实例化“cv::Rect_<float> tracker_v1::_getBoundingBox2D<float>(const std::vector<cv::Point2f,std::allocator<cv::Point2f>> &)”的引用
